2023-02-17 18:56:47.988  INFO 6676 --- [main] c.s.principal.LoggerkafkaApplication     : Starting LoggerkafkaApplication using Java 1.8.0_131 on DESKTOP-8J7K8VI with PID 6676 (C:\Users\covic\Documents\sts 2023\loggerkafka\target\classes started by covic in C:\Users\covic\Documents\sts 2023\loggerkafka)
2023-02-17 18:56:47.992  INFO 6676 --- [main] c.s.principal.LoggerkafkaApplication     : No active profile set, falling back to 1 default profile: "default"
2023-02-17 18:56:49.319  INFO 6676 --- [main] o.s.b.w.embedded.tomcat.TomcatWebServer  : Tomcat initialized with port(s): 9090 (http)
2023-02-17 18:56:49.331  INFO 6676 --- [main] o.apache.catalina.core.StandardService   : Starting service [Tomcat]
2023-02-17 18:56:49.332  INFO 6676 --- [main] org.apache.catalina.core.StandardEngine  : Starting Servlet engine: [Apache Tomcat/9.0.71]
2023-02-17 18:56:49.505  INFO 6676 --- [main] o.a.c.c.C.[Tomcat].[localhost].[/]       : Initializing Spring embedded WebApplicationContext
2023-02-17 18:56:49.506  INFO 6676 --- [main] w.s.c.ServletWebServerApplicationContext : Root WebApplicationContext: initialization completed in 1446 ms
2023-02-17 18:56:50.189  INFO 6676 --- [main] o.a.k.clients.consumer.ConsumerConfig    : ConsumerConfig values: 
	allow.auto.create.topics = true
	auto.commit.interval.ms = 5000
	auto.offset.reset = latest
	bootstrap.servers = [http://localhost:9092]
	check.crcs = true
	client.dns.lookup = use_all_dns_ips
	client.id = consumer-group_id-1
	client.rack = 
	connections.max.idle.ms = 540000
	default.api.timeout.ms = 60000
	enable.auto.commit = false
	exclude.internal.topics = true
	fetch.max.bytes = 52428800
	fetch.max.wait.ms = 500
	fetch.min.bytes = 1
	group.id = group_id
	group.instance.id = null
	heartbeat.interval.ms = 3000
	interceptor.classes = []
	internal.leave.group.on.close = true
	internal.throw.on.fetch.stable.offset.unsupported = false
	isolation.level = read_uncommitted
	key.deserializer = class org.apache.kafka.common.serialization.StringDeserializer
	max.partition.fetch.bytes = 1048576
	max.poll.interval.ms = 300000
	max.poll.records = 500
	metadata.max.age.ms = 300000
	metric.reporters = []
	metrics.num.samples = 2
	metrics.recording.level = INFO
	metrics.sample.window.ms = 30000
	partition.assignment.strategy = [class org.apache.kafka.clients.consumer.RangeAssignor, class org.apache.kafka.clients.consumer.CooperativeStickyAssignor]
	receive.buffer.bytes = 65536
	reconnect.backoff.max.ms = 1000
	reconnect.backoff.ms = 50
	request.timeout.ms = 30000
	retry.backoff.ms = 100
	sasl.client.callback.handler.class = null
	sasl.jaas.config = null
	sasl.kerberos.kinit.cmd = /usr/bin/kinit
	sasl.kerberos.min.time.before.relogin = 60000
	sasl.kerberos.service.name = null
	sasl.kerberos.ticket.renew.jitter = 0.05
	sasl.kerberos.ticket.renew.window.factor = 0.8
	sasl.login.callback.handler.class = null
	sasl.login.class = null
	sasl.login.connect.timeout.ms = null
	sasl.login.read.timeout.ms = null
	sasl.login.refresh.buffer.seconds = 300
	sasl.login.refresh.min.period.seconds = 60
	sasl.login.refresh.window.factor = 0.8
	sasl.login.refresh.window.jitter = 0.05
	sasl.login.retry.backoff.max.ms = 10000
	sasl.login.retry.backoff.ms = 100
	sasl.mechanism = GSSAPI
	sasl.oauthbearer.clock.skew.seconds = 30
	sasl.oauthbearer.expected.audience = null
	sasl.oauthbearer.expected.issuer = null
	sasl.oauthbearer.jwks.endpoint.refresh.ms = 3600000
	sasl.oauthbearer.jwks.endpoint.retry.backoff.max.ms = 10000
	sasl.oauthbearer.jwks.endpoint.retry.backoff.ms = 100
	sasl.oauthbearer.jwks.endpoint.url = null
	sasl.oauthbearer.scope.claim.name = scope
	sasl.oauthbearer.sub.claim.name = sub
	sasl.oauthbearer.token.endpoint.url = null
	security.protocol = PLAINTEXT
	security.providers = null
	send.buffer.bytes = 131072
	session.timeout.ms = 45000
	socket.connection.setup.timeout.max.ms = 30000
	socket.connection.setup.timeout.ms = 10000
	ssl.cipher.suites = null
	ssl.enabled.protocols = [TLSv1.2]
	ssl.endpoint.identification.algorithm = https
	ssl.engine.factory.class = null
	ssl.key.password = null
	ssl.keymanager.algorithm = SunX509
	ssl.keystore.certificate.chain = null
	ssl.keystore.key = null
	ssl.keystore.location = null
	ssl.keystore.password = null
	ssl.keystore.type = JKS
	ssl.protocol = TLSv1.2
	ssl.provider = null
	ssl.secure.random.implementation = null
	ssl.trustmanager.algorithm = PKIX
	ssl.truststore.certificates = null
	ssl.truststore.location = null
	ssl.truststore.password = null
	ssl.truststore.type = JKS
	value.deserializer = class org.apache.kafka.common.serialization.StringDeserializer

2023-02-17 18:56:50.324  INFO 6676 --- [main] o.a.kafka.common.utils.AppInfoParser     : Kafka version: 3.1.2
2023-02-17 18:56:50.325  INFO 6676 --- [main] o.a.kafka.common.utils.AppInfoParser     : Kafka commitId: f8c67dc3ae0a3265
2023-02-17 18:56:50.325  INFO 6676 --- [main] o.a.kafka.common.utils.AppInfoParser     : Kafka startTimeMs: 1676681810322
2023-02-17 18:56:50.329  INFO 6676 --- [main] o.a.k.clients.consumer.KafkaConsumer     : [Consumer clientId=consumer-group_id-1, groupId=group_id] Subscribed to topic(s): TOPIC-DEMO
2023-02-17 18:56:50.383  INFO 6676 --- [main] o.s.b.w.embedded.tomcat.TomcatWebServer  : Tomcat started on port(s): 9090 (http) with context path ''
2023-02-17 18:56:50.400  INFO 6676 --- [main] c.s.principal.LoggerkafkaApplication     : Started LoggerkafkaApplication in 2.962 seconds (JVM running for 4.334)
2023-02-17 18:56:50.844  INFO 6676 --- [org.springframework.kafka.KafkaListenerEndpointContainer#0-0-C-1] org.apache.kafka.clients.Metadata        : [Consumer clientId=consumer-group_id-1, groupId=group_id] Resetting the last seen epoch of partition TOPIC-DEMO-0 to 0 since the associated topicId changed from null to d0FfE4inT-mQeswv0gFdPg
2023-02-17 18:56:50.850  INFO 6676 --- [org.springframework.kafka.KafkaListenerEndpointContainer#0-0-C-1] org.apache.kafka.clients.Metadata        : [Consumer clientId=consumer-group_id-1, groupId=group_id] Cluster ID: s_wCUmdCSY6-hoS9BQNC6Q
2023-02-17 18:56:50.853  INFO 6676 --- [org.springframework.kafka.KafkaListenerEndpointContainer#0-0-C-1] o.a.k.c.c.internals.ConsumerCoordinator  : [Consumer clientId=consumer-group_id-1, groupId=group_id] Discovered group coordinator DESKTOP-8J7K8VI:9092 (id: 2147483647 rack: null)
2023-02-17 18:56:50.855  INFO 6676 --- [org.springframework.kafka.KafkaListenerEndpointContainer#0-0-C-1] o.a.k.c.c.internals.ConsumerCoordinator  : [Consumer clientId=consumer-group_id-1, groupId=group_id] (Re-)joining group
2023-02-17 18:56:50.873  INFO 6676 --- [org.springframework.kafka.KafkaListenerEndpointContainer#0-0-C-1] o.a.k.c.c.internals.ConsumerCoordinator  : [Consumer clientId=consumer-group_id-1, groupId=group_id] Request joining group due to: need to re-join with the given member-id
2023-02-17 18:56:50.874  INFO 6676 --- [org.springframework.kafka.KafkaListenerEndpointContainer#0-0-C-1] o.a.k.c.c.internals.ConsumerCoordinator  : [Consumer clientId=consumer-group_id-1, groupId=group_id] (Re-)joining group
2023-02-17 18:56:50.879  INFO 6676 --- [org.springframework.kafka.KafkaListenerEndpointContainer#0-0-C-1] o.a.k.c.c.internals.ConsumerCoordinator  : [Consumer clientId=consumer-group_id-1, groupId=group_id] Successfully joined group with generation Generation{generationId=4, memberId='consumer-group_id-1-cf42d72a-b687-406b-83e3-d52734eb0710', protocol='range'}
2023-02-17 18:56:50.882  INFO 6676 --- [org.springframework.kafka.KafkaListenerEndpointContainer#0-0-C-1] o.a.k.c.c.internals.ConsumerCoordinator  : [Consumer clientId=consumer-group_id-1, groupId=group_id] Finished assignment for group at generation 4: {consumer-group_id-1-cf42d72a-b687-406b-83e3-d52734eb0710=Assignment(partitions=[TOPIC-DEMO-0])}
2023-02-17 18:56:50.892  INFO 6676 --- [org.springframework.kafka.KafkaListenerEndpointContainer#0-0-C-1] o.a.k.c.c.internals.ConsumerCoordinator  : [Consumer clientId=consumer-group_id-1, groupId=group_id] Successfully synced group in generation Generation{generationId=4, memberId='consumer-group_id-1-cf42d72a-b687-406b-83e3-d52734eb0710', protocol='range'}
2023-02-17 18:56:50.893  INFO 6676 --- [org.springframework.kafka.KafkaListenerEndpointContainer#0-0-C-1] o.a.k.c.c.internals.ConsumerCoordinator  : [Consumer clientId=consumer-group_id-1, groupId=group_id] Notifying assignor about the new Assignment(partitions=[TOPIC-DEMO-0])
2023-02-17 18:56:50.898  INFO 6676 --- [org.springframework.kafka.KafkaListenerEndpointContainer#0-0-C-1] o.a.k.c.c.internals.ConsumerCoordinator  : [Consumer clientId=consumer-group_id-1, groupId=group_id] Adding newly assigned partitions: TOPIC-DEMO-0
2023-02-17 18:56:50.918  INFO 6676 --- [org.springframework.kafka.KafkaListenerEndpointContainer#0-0-C-1] o.a.k.c.c.internals.ConsumerCoordinator  : [Consumer clientId=consumer-group_id-1, groupId=group_id] Setting offset for partition TOPIC-DEMO-0 to the committed offset FetchPosition{offset=5, offsetEpoch=Optional.empty, currentLeader=LeaderAndEpoch{leader=Optional[DESKTOP-8J7K8VI:9092 (id: 0 rack: null)], epoch=0}}
2023-02-17 18:56:50.919  INFO 6676 --- [org.springframework.kafka.KafkaListenerEndpointContainer#0-0-C-1] o.s.k.l.KafkaMessageListenerContainer    : group_id: partitions assigned: [TOPIC-DEMO-0]
2023-02-17 18:56:57.212  INFO 6676 --- [org.springframework.kafka.KafkaListenerEndpointContainer#0-0-C-1] com.systudent.component.LoggerConsumer   : Consuming Message (kafka consumer) test mensaje
2023-02-17 19:05:50.876  INFO 6676 --- [org.springframework.kafka.KafkaListenerEndpointContainer#0-0-C-1] org.apache.kafka.clients.NetworkClient   : [Consumer clientId=consumer-group_id-1, groupId=group_id] Node -1 disconnected.
2023-02-17 19:21:00.653  INFO 6676 --- [RMI TCP Connection(2)-127.0.0.1] inMXBeanRegistrar$SpringApplicationAdmin : Application shutdown requested.
2023-02-17 19:21:01.125  INFO 6676 --- [RMI TCP Connection(2)-127.0.0.1] o.apache.catalina.core.StandardService   : Stopping service [Tomcat]
2023-02-17 19:21:01.139  INFO 6676 --- [org.springframework.kafka.KafkaListenerEndpointContainer#0-0-C-1] o.a.k.c.c.internals.ConsumerCoordinator  : [Consumer clientId=consumer-group_id-1, groupId=group_id] Revoke previously assigned partitions TOPIC-DEMO-0
2023-02-17 19:21:01.139  INFO 6676 --- [org.springframework.kafka.KafkaListenerEndpointContainer#0-0-C-1] o.s.k.l.KafkaMessageListenerContainer    : group_id: partitions revoked: [TOPIC-DEMO-0]
2023-02-17 19:21:01.140  INFO 6676 --- [org.springframework.kafka.KafkaListenerEndpointContainer#0-0-C-1] o.a.k.c.c.internals.ConsumerCoordinator  : [Consumer clientId=consumer-group_id-1, groupId=group_id] Member consumer-group_id-1-cf42d72a-b687-406b-83e3-d52734eb0710 sending LeaveGroup request to coordinator DESKTOP-8J7K8VI:9092 (id: 2147483647 rack: null) due to the consumer unsubscribed from all topics
2023-02-17 19:21:01.142  INFO 6676 --- [org.springframework.kafka.KafkaListenerEndpointContainer#0-0-C-1] o.a.k.c.c.internals.ConsumerCoordinator  : [Consumer clientId=consumer-group_id-1, groupId=group_id] Resetting generation due to: consumer pro-actively leaving the group
2023-02-17 19:21:01.142  INFO 6676 --- [org.springframework.kafka.KafkaListenerEndpointContainer#0-0-C-1] o.a.k.c.c.internals.ConsumerCoordinator  : [Consumer clientId=consumer-group_id-1, groupId=group_id] Request joining group due to: consumer pro-actively leaving the group
2023-02-17 19:21:01.143  INFO 6676 --- [org.springframework.kafka.KafkaListenerEndpointContainer#0-0-C-1] o.a.k.clients.consumer.KafkaConsumer     : [Consumer clientId=consumer-group_id-1, groupId=group_id] Unsubscribed all topics or patterns and assigned partitions
2023-02-17 19:21:01.143  INFO 6676 --- [org.springframework.kafka.KafkaListenerEndpointContainer#0-0-C-1] o.a.k.c.c.internals.ConsumerCoordinator  : [Consumer clientId=consumer-group_id-1, groupId=group_id] Resetting generation due to: consumer pro-actively leaving the group
2023-02-17 19:21:01.143  INFO 6676 --- [org.springframework.kafka.KafkaListenerEndpointContainer#0-0-C-1] o.a.k.c.c.internals.ConsumerCoordinator  : [Consumer clientId=consumer-group_id-1, groupId=group_id] Request joining group due to: consumer pro-actively leaving the group
2023-02-17 19:21:01.149  INFO 6676 --- [org.springframework.kafka.KafkaListenerEndpointContainer#0-0-C-1] org.apache.kafka.common.metrics.Metrics  : Metrics scheduler closed
2023-02-17 19:21:01.149  INFO 6676 --- [org.springframework.kafka.KafkaListenerEndpointContainer#0-0-C-1] org.apache.kafka.common.metrics.Metrics  : Closing reporter org.apache.kafka.common.metrics.JmxReporter
2023-02-17 19:21:01.150  INFO 6676 --- [org.springframework.kafka.KafkaListenerEndpointContainer#0-0-C-1] org.apache.kafka.common.metrics.Metrics  : Metrics reporters closed
2023-02-17 19:21:01.155  INFO 6676 --- [org.springframework.kafka.KafkaListenerEndpointContainer#0-0-C-1] o.a.kafka.common.utils.AppInfoParser     : App info kafka.consumer for consumer-group_id-1 unregistered
2023-02-17 19:21:01.156  INFO 6676 --- [org.springframework.kafka.KafkaListenerEndpointContainer#0-0-C-1] o.s.k.l.KafkaMessageListenerContainer    : group_id: Consumer stopped
2023-02-17 20:37:08.858  INFO 23336 --- [main] c.s.principal.LoggerkafkaApplication     : Starting LoggerkafkaApplication using Java 1.8.0_131 on DESKTOP-8J7K8VI with PID 23336 (C:\Users\covic\Documents\sts 2023\loggerkafka\target\classes started by covic in C:\Users\covic\Documents\sts 2023\loggerkafka)
2023-02-17 20:37:08.863  INFO 23336 --- [main] c.s.principal.LoggerkafkaApplication     : No active profile set, falling back to 1 default profile: "default"
2023-02-17 20:37:10.274  INFO 23336 --- [main] o.s.b.w.embedded.tomcat.TomcatWebServer  : Tomcat initialized with port(s): 9090 (http)
2023-02-17 20:37:10.290  INFO 23336 --- [main] o.apache.catalina.core.StandardService   : Starting service [Tomcat]
2023-02-17 20:37:10.291  INFO 23336 --- [main] org.apache.catalina.core.StandardEngine  : Starting Servlet engine: [Apache Tomcat/9.0.71]
2023-02-17 20:37:10.536  INFO 23336 --- [main] o.a.c.c.C.[Tomcat].[localhost].[/]       : Initializing Spring embedded WebApplicationContext
2023-02-17 20:37:10.537  INFO 23336 --- [main] w.s.c.ServletWebServerApplicationContext : Root WebApplicationContext: initialization completed in 1598 ms
2023-02-17 20:37:11.306  INFO 23336 --- [main] o.a.k.clients.consumer.ConsumerConfig    : ConsumerConfig values: 
	allow.auto.create.topics = true
	auto.commit.interval.ms = 5000
	auto.offset.reset = latest
	bootstrap.servers = [http://localhost:9092]
	check.crcs = true
	client.dns.lookup = use_all_dns_ips
	client.id = consumer-group_id-1
	client.rack = 
	connections.max.idle.ms = 540000
	default.api.timeout.ms = 60000
	enable.auto.commit = false
	exclude.internal.topics = true
	fetch.max.bytes = 52428800
	fetch.max.wait.ms = 500
	fetch.min.bytes = 1
	group.id = group_id
	group.instance.id = null
	heartbeat.interval.ms = 3000
	interceptor.classes = []
	internal.leave.group.on.close = true
	internal.throw.on.fetch.stable.offset.unsupported = false
	isolation.level = read_uncommitted
	key.deserializer = class org.apache.kafka.common.serialization.StringDeserializer
	max.partition.fetch.bytes = 1048576
	max.poll.interval.ms = 300000
	max.poll.records = 500
	metadata.max.age.ms = 300000
	metric.reporters = []
	metrics.num.samples = 2
	metrics.recording.level = INFO
	metrics.sample.window.ms = 30000
	partition.assignment.strategy = [class org.apache.kafka.clients.consumer.RangeAssignor, class org.apache.kafka.clients.consumer.CooperativeStickyAssignor]
	receive.buffer.bytes = 65536
	reconnect.backoff.max.ms = 1000
	reconnect.backoff.ms = 50
	request.timeout.ms = 30000
	retry.backoff.ms = 100
	sasl.client.callback.handler.class = null
	sasl.jaas.config = null
	sasl.kerberos.kinit.cmd = /usr/bin/kinit
	sasl.kerberos.min.time.before.relogin = 60000
	sasl.kerberos.service.name = null
	sasl.kerberos.ticket.renew.jitter = 0.05
	sasl.kerberos.ticket.renew.window.factor = 0.8
	sasl.login.callback.handler.class = null
	sasl.login.class = null
	sasl.login.connect.timeout.ms = null
	sasl.login.read.timeout.ms = null
	sasl.login.refresh.buffer.seconds = 300
	sasl.login.refresh.min.period.seconds = 60
	sasl.login.refresh.window.factor = 0.8
	sasl.login.refresh.window.jitter = 0.05
	sasl.login.retry.backoff.max.ms = 10000
	sasl.login.retry.backoff.ms = 100
	sasl.mechanism = GSSAPI
	sasl.oauthbearer.clock.skew.seconds = 30
	sasl.oauthbearer.expected.audience = null
	sasl.oauthbearer.expected.issuer = null
	sasl.oauthbearer.jwks.endpoint.refresh.ms = 3600000
	sasl.oauthbearer.jwks.endpoint.retry.backoff.max.ms = 10000
	sasl.oauthbearer.jwks.endpoint.retry.backoff.ms = 100
	sasl.oauthbearer.jwks.endpoint.url = null
	sasl.oauthbearer.scope.claim.name = scope
	sasl.oauthbearer.sub.claim.name = sub
	sasl.oauthbearer.token.endpoint.url = null
	security.protocol = PLAINTEXT
	security.providers = null
	send.buffer.bytes = 131072
	session.timeout.ms = 45000
	socket.connection.setup.timeout.max.ms = 30000
	socket.connection.setup.timeout.ms = 10000
	ssl.cipher.suites = null
	ssl.enabled.protocols = [TLSv1.2]
	ssl.endpoint.identification.algorithm = https
	ssl.engine.factory.class = null
	ssl.key.password = null
	ssl.keymanager.algorithm = SunX509
	ssl.keystore.certificate.chain = null
	ssl.keystore.key = null
	ssl.keystore.location = null
	ssl.keystore.password = null
	ssl.keystore.type = JKS
	ssl.protocol = TLSv1.2
	ssl.provider = null
	ssl.secure.random.implementation = null
	ssl.trustmanager.algorithm = PKIX
	ssl.truststore.certificates = null
	ssl.truststore.location = null
	ssl.truststore.password = null
	ssl.truststore.type = JKS
	value.deserializer = class org.apache.kafka.common.serialization.StringDeserializer

2023-02-17 20:37:11.459  INFO 23336 --- [main] o.a.kafka.common.utils.AppInfoParser     : Kafka version: 3.1.2
2023-02-17 20:37:11.461  INFO 23336 --- [main] o.a.kafka.common.utils.AppInfoParser     : Kafka commitId: f8c67dc3ae0a3265
2023-02-17 20:37:11.462  INFO 23336 --- [main] o.a.kafka.common.utils.AppInfoParser     : Kafka startTimeMs: 1676687831457
2023-02-17 20:37:11.467  INFO 23336 --- [main] o.a.k.clients.consumer.KafkaConsumer     : [Consumer clientId=consumer-group_id-1, groupId=group_id] Subscribed to topic(s): TOPIC-DEMO
2023-02-17 20:37:11.525  INFO 23336 --- [main] o.s.b.w.embedded.tomcat.TomcatWebServer  : Tomcat started on port(s): 9090 (http) with context path ''
2023-02-17 20:37:11.542  INFO 23336 --- [main] c.s.principal.LoggerkafkaApplication     : Started LoggerkafkaApplication in 3.346 seconds (JVM running for 4.837)
2023-02-17 20:37:12.071  INFO 23336 --- [org.springframework.kafka.KafkaListenerEndpointContainer#0-0-C-1] org.apache.kafka.clients.Metadata        : [Consumer clientId=consumer-group_id-1, groupId=group_id] Resetting the last seen epoch of partition TOPIC-DEMO-0 to 0 since the associated topicId changed from null to d0FfE4inT-mQeswv0gFdPg
2023-02-17 20:37:12.078  INFO 23336 --- [org.springframework.kafka.KafkaListenerEndpointContainer#0-0-C-1] org.apache.kafka.clients.Metadata        : [Consumer clientId=consumer-group_id-1, groupId=group_id] Cluster ID: s_wCUmdCSY6-hoS9BQNC6Q
2023-02-17 20:37:12.081  INFO 23336 --- [org.springframework.kafka.KafkaListenerEndpointContainer#0-0-C-1] o.a.k.c.c.internals.ConsumerCoordinator  : [Consumer clientId=consumer-group_id-1, groupId=group_id] Discovered group coordinator DESKTOP-8J7K8VI:9092 (id: 2147483647 rack: null)
2023-02-17 20:37:12.085  INFO 23336 --- [org.springframework.kafka.KafkaListenerEndpointContainer#0-0-C-1] o.a.k.c.c.internals.ConsumerCoordinator  : [Consumer clientId=consumer-group_id-1, groupId=group_id] (Re-)joining group
2023-02-17 20:37:12.105  INFO 23336 --- [org.springframework.kafka.KafkaListenerEndpointContainer#0-0-C-1] o.a.k.c.c.internals.ConsumerCoordinator  : [Consumer clientId=consumer-group_id-1, groupId=group_id] Request joining group due to: need to re-join with the given member-id
2023-02-17 20:37:12.106  INFO 23336 --- [org.springframework.kafka.KafkaListenerEndpointContainer#0-0-C-1] o.a.k.c.c.internals.ConsumerCoordinator  : [Consumer clientId=consumer-group_id-1, groupId=group_id] (Re-)joining group
2023-02-17 20:37:12.110  INFO 23336 --- [org.springframework.kafka.KafkaListenerEndpointContainer#0-0-C-1] o.a.k.c.c.internals.ConsumerCoordinator  : [Consumer clientId=consumer-group_id-1, groupId=group_id] Successfully joined group with generation Generation{generationId=18, memberId='consumer-group_id-1-aa0d551b-522e-4aca-a884-40d0e8503441', protocol='range'}
2023-02-17 20:37:12.113  INFO 23336 --- [org.springframework.kafka.KafkaListenerEndpointContainer#0-0-C-1] o.a.k.c.c.internals.ConsumerCoordinator  : [Consumer clientId=consumer-group_id-1, groupId=group_id] Finished assignment for group at generation 18: {consumer-group_id-1-aa0d551b-522e-4aca-a884-40d0e8503441=Assignment(partitions=[TOPIC-DEMO-0])}
2023-02-17 20:37:12.127  INFO 23336 --- [org.springframework.kafka.KafkaListenerEndpointContainer#0-0-C-1] o.a.k.c.c.internals.ConsumerCoordinator  : [Consumer clientId=consumer-group_id-1, groupId=group_id] Successfully synced group in generation Generation{generationId=18, memberId='consumer-group_id-1-aa0d551b-522e-4aca-a884-40d0e8503441', protocol='range'}
2023-02-17 20:37:12.128  INFO 23336 --- [org.springframework.kafka.KafkaListenerEndpointContainer#0-0-C-1] o.a.k.c.c.internals.ConsumerCoordinator  : [Consumer clientId=consumer-group_id-1, groupId=group_id] Notifying assignor about the new Assignment(partitions=[TOPIC-DEMO-0])
2023-02-17 20:37:12.132  INFO 23336 --- [org.springframework.kafka.KafkaListenerEndpointContainer#0-0-C-1] o.a.k.c.c.internals.ConsumerCoordinator  : [Consumer clientId=consumer-group_id-1, groupId=group_id] Adding newly assigned partitions: TOPIC-DEMO-0
2023-02-17 20:37:12.152  INFO 23336 --- [org.springframework.kafka.KafkaListenerEndpointContainer#0-0-C-1] o.a.k.c.c.internals.ConsumerCoordinator  : [Consumer clientId=consumer-group_id-1, groupId=group_id] Setting offset for partition TOPIC-DEMO-0 to the committed offset FetchPosition{offset=7, offsetEpoch=Optional.empty, currentLeader=LeaderAndEpoch{leader=Optional[DESKTOP-8J7K8VI:9092 (id: 0 rack: null)], epoch=0}}
2023-02-17 20:37:12.154  INFO 23336 --- [org.springframework.kafka.KafkaListenerEndpointContainer#0-0-C-1] o.s.k.l.KafkaMessageListenerContainer    : group_id: partitions assigned: [TOPIC-DEMO-0]
2023-02-17 20:37:31.422  INFO 23336 --- [org.springframework.kafka.KafkaListenerEndpointContainer#0-0-C-1] debugLogger                              : debugLogger, Consuming Message (kafka consumer) {}test mensaje
2023-02-17 20:37:31.423  INFO 23336 --- [org.springframework.kafka.KafkaListenerEndpointContainer#0-0-C-1] reportsLogger                            : reportsLog, Consuming Message (kafka consumer) {}test mensaje
2023-02-17 20:39:12.008  INFO 23336 --- [RMI TCP Connection(2)-127.0.0.1] inMXBeanRegistrar$SpringApplicationAdmin : Application shutdown requested.
2023-02-17 20:39:12.512  INFO 23336 --- [RMI TCP Connection(2)-127.0.0.1] o.apache.catalina.core.StandardService   : Stopping service [Tomcat]
2023-02-17 20:39:12.526  INFO 23336 --- [org.springframework.kafka.KafkaListenerEndpointContainer#0-0-C-1] o.a.k.c.c.internals.ConsumerCoordinator  : [Consumer clientId=consumer-group_id-1, groupId=group_id] Revoke previously assigned partitions TOPIC-DEMO-0
2023-02-17 20:39:12.527  INFO 23336 --- [org.springframework.kafka.KafkaListenerEndpointContainer#0-0-C-1] o.s.k.l.KafkaMessageListenerContainer    : group_id: partitions revoked: [TOPIC-DEMO-0]
2023-02-17 20:39:12.528  INFO 23336 --- [org.springframework.kafka.KafkaListenerEndpointContainer#0-0-C-1] o.a.k.c.c.internals.ConsumerCoordinator  : [Consumer clientId=consumer-group_id-1, groupId=group_id] Member consumer-group_id-1-aa0d551b-522e-4aca-a884-40d0e8503441 sending LeaveGroup request to coordinator DESKTOP-8J7K8VI:9092 (id: 2147483647 rack: null) due to the consumer unsubscribed from all topics
2023-02-17 20:39:12.530  INFO 23336 --- [org.springframework.kafka.KafkaListenerEndpointContainer#0-0-C-1] o.a.k.c.c.internals.ConsumerCoordinator  : [Consumer clientId=consumer-group_id-1, groupId=group_id] Resetting generation due to: consumer pro-actively leaving the group
2023-02-17 20:39:12.530  INFO 23336 --- [org.springframework.kafka.KafkaListenerEndpointContainer#0-0-C-1] o.a.k.c.c.internals.ConsumerCoordinator  : [Consumer clientId=consumer-group_id-1, groupId=group_id] Request joining group due to: consumer pro-actively leaving the group
2023-02-17 20:39:12.531  INFO 23336 --- [org.springframework.kafka.KafkaListenerEndpointContainer#0-0-C-1] o.a.k.clients.consumer.KafkaConsumer     : [Consumer clientId=consumer-group_id-1, groupId=group_id] Unsubscribed all topics or patterns and assigned partitions
2023-02-17 20:39:12.531  INFO 23336 --- [org.springframework.kafka.KafkaListenerEndpointContainer#0-0-C-1] o.a.k.c.c.internals.ConsumerCoordinator  : [Consumer clientId=consumer-group_id-1, groupId=group_id] Resetting generation due to: consumer pro-actively leaving the group
2023-02-17 20:39:12.532  INFO 23336 --- [org.springframework.kafka.KafkaListenerEndpointContainer#0-0-C-1] o.a.k.c.c.internals.ConsumerCoordinator  : [Consumer clientId=consumer-group_id-1, groupId=group_id] Request joining group due to: consumer pro-actively leaving the group
2023-02-17 20:39:12.537  INFO 23336 --- [org.springframework.kafka.KafkaListenerEndpointContainer#0-0-C-1] org.apache.kafka.common.metrics.Metrics  : Metrics scheduler closed
2023-02-17 20:39:12.537  INFO 23336 --- [org.springframework.kafka.KafkaListenerEndpointContainer#0-0-C-1] org.apache.kafka.common.metrics.Metrics  : Closing reporter org.apache.kafka.common.metrics.JmxReporter
2023-02-17 20:39:12.537  INFO 23336 --- [org.springframework.kafka.KafkaListenerEndpointContainer#0-0-C-1] org.apache.kafka.common.metrics.Metrics  : Metrics reporters closed
2023-02-17 20:39:12.545  INFO 23336 --- [org.springframework.kafka.KafkaListenerEndpointContainer#0-0-C-1] o.a.kafka.common.utils.AppInfoParser     : App info kafka.consumer for consumer-group_id-1 unregistered
2023-02-17 20:39:12.546  INFO 23336 --- [org.springframework.kafka.KafkaListenerEndpointContainer#0-0-C-1] o.s.k.l.KafkaMessageListenerContainer    : group_id: Consumer stopped
2023-02-17 20:39:19.005  INFO 22144 --- [main] c.s.principal.LoggerkafkaApplication     : Starting LoggerkafkaApplication using Java 1.8.0_131 on DESKTOP-8J7K8VI with PID 22144 (C:\Users\covic\Documents\sts 2023\loggerkafka\target\classes started by covic in C:\Users\covic\Documents\sts 2023\loggerkafka)
2023-02-17 20:39:19.012  INFO 22144 --- [main] c.s.principal.LoggerkafkaApplication     : No active profile set, falling back to 1 default profile: "default"
2023-02-17 20:39:20.999  INFO 22144 --- [main] o.s.b.w.embedded.tomcat.TomcatWebServer  : Tomcat initialized with port(s): 9090 (http)
2023-02-17 20:39:21.022  INFO 22144 --- [main] o.apache.catalina.core.StandardService   : Starting service [Tomcat]
2023-02-17 20:39:21.023  INFO 22144 --- [main] org.apache.catalina.core.StandardEngine  : Starting Servlet engine: [Apache Tomcat/9.0.71]
2023-02-17 20:39:21.294  INFO 22144 --- [main] o.a.c.c.C.[Tomcat].[localhost].[/]       : Initializing Spring embedded WebApplicationContext
2023-02-17 20:39:21.294  INFO 22144 --- [main] w.s.c.ServletWebServerApplicationContext : Root WebApplicationContext: initialization completed in 2173 ms
2023-02-17 20:39:22.287  INFO 22144 --- [main] o.a.k.clients.consumer.ConsumerConfig    : ConsumerConfig values: 
	allow.auto.create.topics = true
	auto.commit.interval.ms = 5000
	auto.offset.reset = latest
	bootstrap.servers = [http://localhost:9092]
	check.crcs = true
	client.dns.lookup = use_all_dns_ips
	client.id = consumer-group_id-1
	client.rack = 
	connections.max.idle.ms = 540000
	default.api.timeout.ms = 60000
	enable.auto.commit = false
	exclude.internal.topics = true
	fetch.max.bytes = 52428800
	fetch.max.wait.ms = 500
	fetch.min.bytes = 1
	group.id = group_id
	group.instance.id = null
	heartbeat.interval.ms = 3000
	interceptor.classes = []
	internal.leave.group.on.close = true
	internal.throw.on.fetch.stable.offset.unsupported = false
	isolation.level = read_uncommitted
	key.deserializer = class org.apache.kafka.common.serialization.StringDeserializer
	max.partition.fetch.bytes = 1048576
	max.poll.interval.ms = 300000
	max.poll.records = 500
	metadata.max.age.ms = 300000
	metric.reporters = []
	metrics.num.samples = 2
	metrics.recording.level = INFO
	metrics.sample.window.ms = 30000
	partition.assignment.strategy = [class org.apache.kafka.clients.consumer.RangeAssignor, class org.apache.kafka.clients.consumer.CooperativeStickyAssignor]
	receive.buffer.bytes = 65536
	reconnect.backoff.max.ms = 1000
	reconnect.backoff.ms = 50
	request.timeout.ms = 30000
	retry.backoff.ms = 100
	sasl.client.callback.handler.class = null
	sasl.jaas.config = null
	sasl.kerberos.kinit.cmd = /usr/bin/kinit
	sasl.kerberos.min.time.before.relogin = 60000
	sasl.kerberos.service.name = null
	sasl.kerberos.ticket.renew.jitter = 0.05
	sasl.kerberos.ticket.renew.window.factor = 0.8
	sasl.login.callback.handler.class = null
	sasl.login.class = null
	sasl.login.connect.timeout.ms = null
	sasl.login.read.timeout.ms = null
	sasl.login.refresh.buffer.seconds = 300
	sasl.login.refresh.min.period.seconds = 60
	sasl.login.refresh.window.factor = 0.8
	sasl.login.refresh.window.jitter = 0.05
	sasl.login.retry.backoff.max.ms = 10000
	sasl.login.retry.backoff.ms = 100
	sasl.mechanism = GSSAPI
	sasl.oauthbearer.clock.skew.seconds = 30
	sasl.oauthbearer.expected.audience = null
	sasl.oauthbearer.expected.issuer = null
	sasl.oauthbearer.jwks.endpoint.refresh.ms = 3600000
	sasl.oauthbearer.jwks.endpoint.retry.backoff.max.ms = 10000
	sasl.oauthbearer.jwks.endpoint.retry.backoff.ms = 100
	sasl.oauthbearer.jwks.endpoint.url = null
	sasl.oauthbearer.scope.claim.name = scope
	sasl.oauthbearer.sub.claim.name = sub
	sasl.oauthbearer.token.endpoint.url = null
	security.protocol = PLAINTEXT
	security.providers = null
	send.buffer.bytes = 131072
	session.timeout.ms = 45000
	socket.connection.setup.timeout.max.ms = 30000
	socket.connection.setup.timeout.ms = 10000
	ssl.cipher.suites = null
	ssl.enabled.protocols = [TLSv1.2]
	ssl.endpoint.identification.algorithm = https
	ssl.engine.factory.class = null
	ssl.key.password = null
	ssl.keymanager.algorithm = SunX509
	ssl.keystore.certificate.chain = null
	ssl.keystore.key = null
	ssl.keystore.location = null
	ssl.keystore.password = null
	ssl.keystore.type = JKS
	ssl.protocol = TLSv1.2
	ssl.provider = null
	ssl.secure.random.implementation = null
	ssl.trustmanager.algorithm = PKIX
	ssl.truststore.certificates = null
	ssl.truststore.location = null
	ssl.truststore.password = null
	ssl.truststore.type = JKS
	value.deserializer = class org.apache.kafka.common.serialization.StringDeserializer

2023-02-17 20:39:22.437  INFO 22144 --- [main] o.a.kafka.common.utils.AppInfoParser     : Kafka version: 3.1.2
2023-02-17 20:39:22.440  INFO 22144 --- [main] o.a.kafka.common.utils.AppInfoParser     : Kafka commitId: f8c67dc3ae0a3265
2023-02-17 20:39:22.440  INFO 22144 --- [main] o.a.kafka.common.utils.AppInfoParser     : Kafka startTimeMs: 1676687962432
2023-02-17 20:39:22.445  INFO 22144 --- [main] o.a.k.clients.consumer.KafkaConsumer     : [Consumer clientId=consumer-group_id-1, groupId=group_id] Subscribed to topic(s): TOPIC-DEMO
2023-02-17 20:39:22.516  INFO 22144 --- [main] o.s.b.w.embedded.tomcat.TomcatWebServer  : Tomcat started on port(s): 9090 (http) with context path ''
2023-02-17 20:39:22.538  INFO 22144 --- [main] c.s.principal.LoggerkafkaApplication     : Started LoggerkafkaApplication in 4.381 seconds (JVM running for 6.254)
2023-02-17 20:39:23.124  INFO 22144 --- [org.springframework.kafka.KafkaListenerEndpointContainer#0-0-C-1] org.apache.kafka.clients.Metadata        : [Consumer clientId=consumer-group_id-1, groupId=group_id] Resetting the last seen epoch of partition TOPIC-DEMO-0 to 0 since the associated topicId changed from null to d0FfE4inT-mQeswv0gFdPg
2023-02-17 20:39:23.135  INFO 22144 --- [org.springframework.kafka.KafkaListenerEndpointContainer#0-0-C-1] org.apache.kafka.clients.Metadata        : [Consumer clientId=consumer-group_id-1, groupId=group_id] Cluster ID: s_wCUmdCSY6-hoS9BQNC6Q
2023-02-17 20:39:23.138  INFO 22144 --- [org.springframework.kafka.KafkaListenerEndpointContainer#0-0-C-1] o.a.k.c.c.internals.ConsumerCoordinator  : [Consumer clientId=consumer-group_id-1, groupId=group_id] Discovered group coordinator DESKTOP-8J7K8VI:9092 (id: 2147483647 rack: null)
2023-02-17 20:39:23.143  INFO 22144 --- [org.springframework.kafka.KafkaListenerEndpointContainer#0-0-C-1] o.a.k.c.c.internals.ConsumerCoordinator  : [Consumer clientId=consumer-group_id-1, groupId=group_id] (Re-)joining group
2023-02-17 20:39:23.170  INFO 22144 --- [org.springframework.kafka.KafkaListenerEndpointContainer#0-0-C-1] o.a.k.c.c.internals.ConsumerCoordinator  : [Consumer clientId=consumer-group_id-1, groupId=group_id] Request joining group due to: need to re-join with the given member-id
2023-02-17 20:39:23.172  INFO 22144 --- [org.springframework.kafka.KafkaListenerEndpointContainer#0-0-C-1] o.a.k.c.c.internals.ConsumerCoordinator  : [Consumer clientId=consumer-group_id-1, groupId=group_id] (Re-)joining group
2023-02-17 20:39:23.179  INFO 22144 --- [org.springframework.kafka.KafkaListenerEndpointContainer#0-0-C-1] o.a.k.c.c.internals.ConsumerCoordinator  : [Consumer clientId=consumer-group_id-1, groupId=group_id] Successfully joined group with generation Generation{generationId=20, memberId='consumer-group_id-1-2388d131-8b8c-4d50-8b46-99be0e1b80c9', protocol='range'}
2023-02-17 20:39:23.182  INFO 22144 --- [org.springframework.kafka.KafkaListenerEndpointContainer#0-0-C-1] o.a.k.c.c.internals.ConsumerCoordinator  : [Consumer clientId=consumer-group_id-1, groupId=group_id] Finished assignment for group at generation 20: {consumer-group_id-1-2388d131-8b8c-4d50-8b46-99be0e1b80c9=Assignment(partitions=[TOPIC-DEMO-0])}
2023-02-17 20:39:23.198  INFO 22144 --- [org.springframework.kafka.KafkaListenerEndpointContainer#0-0-C-1] o.a.k.c.c.internals.ConsumerCoordinator  : [Consumer clientId=consumer-group_id-1, groupId=group_id] Successfully synced group in generation Generation{generationId=20, memberId='consumer-group_id-1-2388d131-8b8c-4d50-8b46-99be0e1b80c9', protocol='range'}
2023-02-17 20:39:23.200  INFO 22144 --- [org.springframework.kafka.KafkaListenerEndpointContainer#0-0-C-1] o.a.k.c.c.internals.ConsumerCoordinator  : [Consumer clientId=consumer-group_id-1, groupId=group_id] Notifying assignor about the new Assignment(partitions=[TOPIC-DEMO-0])
2023-02-17 20:39:23.205  INFO 22144 --- [org.springframework.kafka.KafkaListenerEndpointContainer#0-0-C-1] o.a.k.c.c.internals.ConsumerCoordinator  : [Consumer clientId=consumer-group_id-1, groupId=group_id] Adding newly assigned partitions: TOPIC-DEMO-0
2023-02-17 20:39:23.235  INFO 22144 --- [org.springframework.kafka.KafkaListenerEndpointContainer#0-0-C-1] o.a.k.c.c.internals.ConsumerCoordinator  : [Consumer clientId=consumer-group_id-1, groupId=group_id] Setting offset for partition TOPIC-DEMO-0 to the committed offset FetchPosition{offset=8, offsetEpoch=Optional.empty, currentLeader=LeaderAndEpoch{leader=Optional[DESKTOP-8J7K8VI:9092 (id: 0 rack: null)], epoch=0}}
2023-02-17 20:39:23.237  INFO 22144 --- [org.springframework.kafka.KafkaListenerEndpointContainer#0-0-C-1] o.s.k.l.KafkaMessageListenerContainer    : group_id: partitions assigned: [TOPIC-DEMO-0]
2023-02-17 20:39:29.853  INFO 22144 --- [org.springframework.kafka.KafkaListenerEndpointContainer#0-0-C-1] debugLogger                              : debugLogger, Consuming Message (kafka consumer) {}test mensaje
2023-02-17 20:39:29.854  INFO 22144 --- [org.springframework.kafka.KafkaListenerEndpointContainer#0-0-C-1] reportsLogger                            : reportsLog, Consuming Message (kafka consumer) {}test mensaje
2023-02-17 20:39:29.854  INFO 22144 --- [org.springframework.kafka.KafkaListenerEndpointContainer#0-0-C-1] reportsLogger                            : reports info message
2023-02-17 20:41:18.878  INFO 22144 --- [RMI TCP Connection(2)-127.0.0.1] inMXBeanRegistrar$SpringApplicationAdmin : Application shutdown requested.
2023-02-17 20:41:19.472  INFO 22144 --- [RMI TCP Connection(2)-127.0.0.1] o.apache.catalina.core.StandardService   : Stopping service [Tomcat]
2023-02-17 20:41:19.490  INFO 22144 --- [org.springframework.kafka.KafkaListenerEndpointContainer#0-0-C-1] o.a.k.c.c.internals.ConsumerCoordinator  : [Consumer clientId=consumer-group_id-1, groupId=group_id] Revoke previously assigned partitions TOPIC-DEMO-0
2023-02-17 20:41:19.491  INFO 22144 --- [org.springframework.kafka.KafkaListenerEndpointContainer#0-0-C-1] o.s.k.l.KafkaMessageListenerContainer    : group_id: partitions revoked: [TOPIC-DEMO-0]
2023-02-17 20:41:19.492  INFO 22144 --- [org.springframework.kafka.KafkaListenerEndpointContainer#0-0-C-1] o.a.k.c.c.internals.ConsumerCoordinator  : [Consumer clientId=consumer-group_id-1, groupId=group_id] Member consumer-group_id-1-2388d131-8b8c-4d50-8b46-99be0e1b80c9 sending LeaveGroup request to coordinator DESKTOP-8J7K8VI:9092 (id: 2147483647 rack: null) due to the consumer unsubscribed from all topics
2023-02-17 20:41:19.494  INFO 22144 --- [org.springframework.kafka.KafkaListenerEndpointContainer#0-0-C-1] o.a.k.c.c.internals.ConsumerCoordinator  : [Consumer clientId=consumer-group_id-1, groupId=group_id] Resetting generation due to: consumer pro-actively leaving the group
2023-02-17 20:41:19.495  INFO 22144 --- [org.springframework.kafka.KafkaListenerEndpointContainer#0-0-C-1] o.a.k.c.c.internals.ConsumerCoordinator  : [Consumer clientId=consumer-group_id-1, groupId=group_id] Request joining group due to: consumer pro-actively leaving the group
2023-02-17 20:41:19.495  INFO 22144 --- [org.springframework.kafka.KafkaListenerEndpointContainer#0-0-C-1] o.a.k.clients.consumer.KafkaConsumer     : [Consumer clientId=consumer-group_id-1, groupId=group_id] Unsubscribed all topics or patterns and assigned partitions
2023-02-17 20:41:19.496  INFO 22144 --- [org.springframework.kafka.KafkaListenerEndpointContainer#0-0-C-1] o.a.k.c.c.internals.ConsumerCoordinator  : [Consumer clientId=consumer-group_id-1, groupId=group_id] Resetting generation due to: consumer pro-actively leaving the group
2023-02-17 20:41:19.496  INFO 22144 --- [org.springframework.kafka.KafkaListenerEndpointContainer#0-0-C-1] o.a.k.c.c.internals.ConsumerCoordinator  : [Consumer clientId=consumer-group_id-1, groupId=group_id] Request joining group due to: consumer pro-actively leaving the group
2023-02-17 20:41:19.500  INFO 22144 --- [org.springframework.kafka.KafkaListenerEndpointContainer#0-0-C-1] org.apache.kafka.common.metrics.Metrics  : Metrics scheduler closed
2023-02-17 20:41:19.501  INFO 22144 --- [org.springframework.kafka.KafkaListenerEndpointContainer#0-0-C-1] org.apache.kafka.common.metrics.Metrics  : Closing reporter org.apache.kafka.common.metrics.JmxReporter
2023-02-17 20:41:19.501  INFO 22144 --- [org.springframework.kafka.KafkaListenerEndpointContainer#0-0-C-1] org.apache.kafka.common.metrics.Metrics  : Metrics reporters closed
2023-02-17 20:41:19.508  INFO 22144 --- [org.springframework.kafka.KafkaListenerEndpointContainer#0-0-C-1] o.a.kafka.common.utils.AppInfoParser     : App info kafka.consumer for consumer-group_id-1 unregistered
2023-02-17 20:41:19.509  INFO 22144 --- [org.springframework.kafka.KafkaListenerEndpointContainer#0-0-C-1] o.s.k.l.KafkaMessageListenerContainer    : group_id: Consumer stopped
