2023-02-20 19:14:55.977  INFO 26604 --- [main] c.s.principal.SystudentDbApplication     : Starting SystudentDbApplication using Java 1.8.0_131 on DESKTOP-8J7K8VI with PID 26604 (C:\Users\covic\Documents\sts 2023\systudent-db\target\classes started by covic in C:\Users\covic\Documents\sts 2023\systudent-db)
2023-02-20 19:14:55.991  INFO 26604 --- [main] c.s.principal.SystudentDbApplication     : No active profile set, falling back to 1 default profile: "default"
2023-02-20 19:14:56.871  INFO 26604 --- [main] .s.d.r.c.RepositoryConfigurationDelegate : Bootstrapping Spring Data JPA repositories in DEFAULT mode.
2023-02-20 19:14:57.021  INFO 26604 --- [main] .s.d.r.c.RepositoryConfigurationDelegate : Finished Spring Data repository scanning in 132 ms. Found 1 JPA repository interfaces.
2023-02-20 19:14:58.108  INFO 26604 --- [main] o.s.b.w.embedded.tomcat.TomcatWebServer  : Tomcat initialized with port(s): 8086 (http)
2023-02-20 19:14:58.120  INFO 26604 --- [main] o.apache.catalina.core.StandardService   : Starting service [Tomcat]
2023-02-20 19:14:58.121  INFO 26604 --- [main] org.apache.catalina.core.StandardEngine  : Starting Servlet engine: [Apache Tomcat/9.0.71]
2023-02-20 19:14:58.372  INFO 26604 --- [main] o.a.c.c.C.[Tomcat].[localhost].[/]       : Initializing Spring embedded WebApplicationContext
2023-02-20 19:14:58.372  INFO 26604 --- [main] w.s.c.ServletWebServerApplicationContext : Root WebApplicationContext: initialization completed in 2266 ms
2023-02-20 19:14:58.629  INFO 26604 --- [main] o.hibernate.jpa.internal.util.LogHelper  : HHH000204: Processing PersistenceUnitInfo [name: default]
2023-02-20 19:14:58.735  INFO 26604 --- [main] org.hibernate.Version                    : HHH000412: Hibernate ORM core version 5.6.14.Final
2023-02-20 19:14:59.042  INFO 26604 --- [main] o.hibernate.annotations.common.Version   : HCANN000001: Hibernate Commons Annotations {5.1.2.Final}
2023-02-20 19:14:59.335  INFO 26604 --- [main] com.zaxxer.hikari.HikariDataSource       : HikariPool-1 - Starting...
2023-02-20 19:15:00.498  INFO 26604 --- [main] com.zaxxer.hikari.HikariDataSource       : HikariPool-1 - Start completed.
2023-02-20 19:15:00.527  INFO 26604 --- [main] org.hibernate.dialect.Dialect            : HHH000400: Using dialect: org.hibernate.dialect.MySQL5InnoDBDialect
2023-02-20 19:15:01.518  INFO 26604 --- [main] o.h.e.t.j.p.i.JtaPlatformInitiator       : HHH000490: Using JtaPlatform implementation: [org.hibernate.engine.transaction.jta.platform.internal.NoJtaPlatform]
2023-02-20 19:15:01.530  INFO 26604 --- [main] j.LocalContainerEntityManagerFactoryBean : Initialized JPA EntityManagerFactory for persistence unit 'default'
2023-02-20 19:15:01.992  WARN 26604 --- [main] JpaBaseConfiguration$JpaWebConfiguration : spring.jpa.open-in-view is enabled by default. Therefore, database queries may be performed during view rendering. Explicitly configure spring.jpa.open-in-view to disable this warning
2023-02-20 19:15:02.581  INFO 26604 --- [main] o.s.b.w.embedded.tomcat.TomcatWebServer  : Tomcat started on port(s): 8086 (http) with context path ''
2023-02-20 19:15:02.597  INFO 26604 --- [main] c.s.principal.SystudentDbApplication     : Started SystudentDbApplication in 7.356 seconds (JVM running for 9.064)
2023-02-20 19:15:45.444  INFO 26604 --- [http-nio-8086-exec-1] o.a.c.c.C.[Tomcat].[localhost].[/]       : Initializing Spring DispatcherServlet 'dispatcherServlet'
2023-02-20 19:15:45.445  INFO 26604 --- [http-nio-8086-exec-1] o.s.web.servlet.DispatcherServlet        : Initializing Servlet 'dispatcherServlet'
2023-02-20 19:15:45.447  INFO 26604 --- [http-nio-8086-exec-1] o.s.web.servlet.DispatcherServlet        : Completed initialization in 2 ms
2023-02-20 19:15:45.492  INFO 26604 --- [http-nio-8086-exec-1] com.systudent.component.LoggerProducer   : Producing message test mensaje
2023-02-20 19:15:45.519  INFO 26604 --- [http-nio-8086-exec-1] o.a.k.clients.producer.ProducerConfig    : ProducerConfig values: 
	acks = -1
	batch.size = 16384
	bootstrap.servers = [127.0.0.1:9092]
	buffer.memory = 33554432
	client.dns.lookup = use_all_dns_ips
	client.id = producer-1
	compression.type = none
	connections.max.idle.ms = 540000
	delivery.timeout.ms = 120000
	enable.idempotence = true
	interceptor.classes = []
	key.serializer = class org.apache.kafka.common.serialization.StringSerializer
	linger.ms = 0
	max.block.ms = 60000
	max.in.flight.requests.per.connection = 5
	max.request.size = 1048576
	metadata.max.age.ms = 300000
	metadata.max.idle.ms = 300000
	metric.reporters = []
	metrics.num.samples = 2
	metrics.recording.level = INFO
	metrics.sample.window.ms = 30000
	partitioner.class = class org.apache.kafka.clients.producer.internals.DefaultPartitioner
	receive.buffer.bytes = 32768
	reconnect.backoff.max.ms = 1000
	reconnect.backoff.ms = 50
	request.timeout.ms = 30000
	retries = 2147483647
	retry.backoff.ms = 100
	sasl.client.callback.handler.class = null
	sasl.jaas.config = null
	sasl.kerberos.kinit.cmd = /usr/bin/kinit
	sasl.kerberos.min.time.before.relogin = 60000
	sasl.kerberos.service.name = null
	sasl.kerberos.ticket.renew.jitter = 0.05
	sasl.kerberos.ticket.renew.window.factor = 0.8
	sasl.login.callback.handler.class = null
	sasl.login.class = null
	sasl.login.connect.timeout.ms = null
	sasl.login.read.timeout.ms = null
	sasl.login.refresh.buffer.seconds = 300
	sasl.login.refresh.min.period.seconds = 60
	sasl.login.refresh.window.factor = 0.8
	sasl.login.refresh.window.jitter = 0.05
	sasl.login.retry.backoff.max.ms = 10000
	sasl.login.retry.backoff.ms = 100
	sasl.mechanism = GSSAPI
	sasl.oauthbearer.clock.skew.seconds = 30
	sasl.oauthbearer.expected.audience = null
	sasl.oauthbearer.expected.issuer = null
	sasl.oauthbearer.jwks.endpoint.refresh.ms = 3600000
	sasl.oauthbearer.jwks.endpoint.retry.backoff.max.ms = 10000
	sasl.oauthbearer.jwks.endpoint.retry.backoff.ms = 100
	sasl.oauthbearer.jwks.endpoint.url = null
	sasl.oauthbearer.scope.claim.name = scope
	sasl.oauthbearer.sub.claim.name = sub
	sasl.oauthbearer.token.endpoint.url = null
	security.protocol = PLAINTEXT
	security.providers = null
	send.buffer.bytes = 131072
	socket.connection.setup.timeout.max.ms = 30000
	socket.connection.setup.timeout.ms = 10000
	ssl.cipher.suites = null
	ssl.enabled.protocols = [TLSv1.2]
	ssl.endpoint.identification.algorithm = https
	ssl.engine.factory.class = null
	ssl.key.password = null
	ssl.keymanager.algorithm = SunX509
	ssl.keystore.certificate.chain = null
	ssl.keystore.key = null
	ssl.keystore.location = null
	ssl.keystore.password = null
	ssl.keystore.type = JKS
	ssl.protocol = TLSv1.2
	ssl.provider = null
	ssl.secure.random.implementation = null
	ssl.trustmanager.algorithm = PKIX
	ssl.truststore.certificates = null
	ssl.truststore.location = null
	ssl.truststore.password = null
	ssl.truststore.type = JKS
	transaction.timeout.ms = 60000
	transactional.id = null
	value.serializer = class org.apache.kafka.common.serialization.StringSerializer

2023-02-20 19:15:45.556  INFO 26604 --- [http-nio-8086-exec-1] o.a.k.clients.producer.KafkaProducer     : [Producer clientId=producer-1] Instantiated an idempotent producer.
2023-02-20 19:15:45.622  INFO 26604 --- [http-nio-8086-exec-1] o.a.kafka.common.utils.AppInfoParser     : Kafka version: 3.1.2
2023-02-20 19:15:45.623  INFO 26604 --- [http-nio-8086-exec-1] o.a.kafka.common.utils.AppInfoParser     : Kafka commitId: f8c67dc3ae0a3265
2023-02-20 19:15:45.623  INFO 26604 --- [http-nio-8086-exec-1] o.a.kafka.common.utils.AppInfoParser     : Kafka startTimeMs: 1676942145620
2023-02-20 19:15:46.228  INFO 26604 --- [kafka-producer-network-thread | producer-1] org.apache.kafka.clients.Metadata        : [Producer clientId=producer-1] Resetting the last seen epoch of partition TOPIC-DEMO-0 to 0 since the associated topicId changed from null to d0FfE4inT-mQeswv0gFdPg
2023-02-20 19:15:46.235  INFO 26604 --- [kafka-producer-network-thread | producer-1] org.apache.kafka.clients.Metadata        : [Producer clientId=producer-1] Cluster ID: s_wCUmdCSY6-hoS9BQNC6Q
2023-02-20 19:15:46.263  INFO 26604 --- [kafka-producer-network-thread | producer-1] o.a.k.c.p.internals.TransactionManager   : [Producer clientId=producer-1] ProducerId set to 3000 with epoch 0
2023-02-20 19:25:16.229  INFO 26604 --- [kafka-producer-network-thread | producer-1] org.apache.kafka.clients.NetworkClient   : [Producer clientId=producer-1] Node -1 disconnected.
2023-02-20 19:26:43.003  INFO 26604 --- [RMI TCP Connection(2)-127.0.0.1] inMXBeanRegistrar$SpringApplicationAdmin : Application shutdown requested.
2023-02-20 19:26:43.488  INFO 26604 --- [RMI TCP Connection(2)-127.0.0.1] o.apache.catalina.core.StandardService   : Stopping service [Tomcat]
2023-02-20 19:26:43.490  INFO 26604 --- [RMI TCP Connection(2)-127.0.0.1] o.a.c.c.C.[Tomcat].[localhost].[/]       : Destroying Spring FrameworkServlet 'dispatcherServlet'
2023-02-20 19:26:43.494  WARN 26604 --- [RMI TCP Connection(2)-127.0.0.1] o.a.c.loader.WebappClassLoaderBase       : The web application [ROOT] appears to have started a thread named [kafka-producer-network-thread | producer-1] but has failed to stop it. This is very likely to create a memory leak. Stack trace of thread:
 sun.nio.ch.WindowsSelectorImpl$SubSelector.poll0(Native Method)
 sun.nio.ch.WindowsSelectorImpl$SubSelector.poll(Unknown Source)
 sun.nio.ch.WindowsSelectorImpl$SubSelector.access$400(Unknown Source)
 sun.nio.ch.WindowsSelectorImpl.doSelect(Unknown Source)
 sun.nio.ch.SelectorImpl.lockAndDoSelect(Unknown Source)
 sun.nio.ch.SelectorImpl.select(Unknown Source)
 org.apache.kafka.common.network.Selector.select(Selector.java:873)
 org.apache.kafka.common.network.Selector.poll(Selector.java:465)
 org.apache.kafka.clients.NetworkClient.poll(NetworkClient.java:560)
 org.apache.kafka.clients.producer.internals.Sender.runOnce(Sender.java:328)
 org.apache.kafka.clients.producer.internals.Sender.run(Sender.java:243)
 java.lang.Thread.run(Unknown Source)
2023-02-20 19:26:43.503  INFO 26604 --- [RMI TCP Connection(2)-127.0.0.1] j.LocalContainerEntityManagerFactoryBean : Closing JPA EntityManagerFactory for persistence unit 'default'
2023-02-20 19:26:43.506  INFO 26604 --- [RMI TCP Connection(2)-127.0.0.1] com.zaxxer.hikari.HikariDataSource       : HikariPool-1 - Shutdown initiated...
2023-02-20 19:26:43.524  INFO 26604 --- [RMI TCP Connection(2)-127.0.0.1] com.zaxxer.hikari.HikariDataSource       : HikariPool-1 - Shutdown completed.
